<?xml version="1.0" encoding="UTF-8"?>
<!-- Generated by org.testng.reporters.JUnitXMLReporter -->
<testsuite hostname="DESKTOP-FJN63NP" ignored="0" name="Default test" tests="5" failures="0" timestamp="2023-05-31T15:38:17 IST" time="9.204" errors="0">
  <testcase name="login" time="1.514" classname="testes.LoginTest"/>
  <testcase name="newLogin" time="5.419" classname="testes.LoginTest"/>
  <testcase name="loginAgain" time="0.724" classname="testes.LoginTest"/>
  <testcase name="dashBoard" time="0.226" classname="testes.LoginTest"/>
  <testcase name="userPage" time="1.16" classname="testes.LoginTest"/>
</testsuite> <!-- Default test -->
